<?xml version="1.0" encoding="UTF-8"?>
<coverage generated="1535303303074" clover="3.2.0">
  <project timestamp="1535303303074" name="All files">
    <metrics statements="176" coveredstatements="139" conditionals="62" coveredconditionals="33" methods="54" coveredmethods="45" elements="292" coveredelements="217" complexity="0" loc="176" ncloc="176" packages="2" files="8" classes="8">
      <package name="src">
        <metrics statements="23" coveredstatements="7" conditionals="8" coveredconditionals="0" methods="7" coveredmethods="1"/>
        <file name="tools.js" path="/Users/jmather/code/json-schema-orm/src/tools.js">
          <metrics statements="23" coveredstatements="7" conditionals="8" coveredconditionals="0" methods="7" coveredmethods="1"/>
          <line num="1" count="1" type="stmt"/>
          <line num="2" count="1" type="stmt"/>
          <line num="3" count="1" type="stmt"/>
          <line num="4" count="1" type="stmt"/>
          <line num="6" count="1" type="stmt"/>
          <line num="8" count="0" type="cond" truecount="0" falsecount="4"/>
          <line num="9" count="0" type="stmt"/>
          <line num="12" count="0" type="cond" truecount="0" falsecount="2"/>
          <line num="13" count="0" type="stmt"/>
          <line num="16" count="0" type="stmt"/>
          <line num="19" count="7" type="stmt"/>
          <line num="22" count="0" type="stmt"/>
          <line num="25" count="0" type="stmt"/>
          <line num="28" count="0" type="cond" truecount="0" falsecount="2"/>
          <line num="29" count="0" type="stmt"/>
          <line num="33" count="0" type="stmt"/>
          <line num="34" count="0" type="stmt"/>
          <line num="36" count="0" type="stmt"/>
          <line num="37" count="0" type="stmt"/>
          <line num="38" count="0" type="stmt"/>
          <line num="39" count="0" type="stmt"/>
          <line num="40" count="0" type="stmt"/>
          <line num="45" count="1" type="stmt"/>
        </file>
      </package>
      <package name="src.orm">
        <metrics statements="153" coveredstatements="132" conditionals="54" coveredconditionals="33" methods="47" coveredmethods="44"/>
        <file name="Loader.js" path="/Users/jmather/code/json-schema-orm/src/orm/Loader.js">
          <metrics statements="16" coveredstatements="16" conditionals="0" coveredconditionals="0" methods="5" coveredmethods="4"/>
          <line num="1" count="1" type="stmt"/>
          <line num="2" count="1" type="stmt"/>
          <line num="4" count="1" type="stmt"/>
          <line num="5" count="1" type="stmt"/>
          <line num="6" count="1" type="stmt"/>
          <line num="17" count="1" type="stmt"/>
          <line num="18" count="1" type="stmt"/>
          <line num="19" count="1" type="stmt"/>
          <line num="21" count="1" type="stmt"/>
          <line num="29" count="1" type="stmt"/>
          <line num="30" count="1" type="stmt"/>
          <line num="31" count="7" type="stmt"/>
          <line num="32" count="7" type="stmt"/>
          <line num="33" count="7" type="stmt"/>
          <line num="34" count="7" type="stmt"/>
          <line num="47" count="1" type="stmt"/>
        </file>
        <file name="ModelHandler.js" path="/Users/jmather/code/json-schema-orm/src/orm/ModelHandler.js">
          <metrics statements="54" coveredstatements="36" conditionals="32" coveredconditionals="16" methods="9" coveredmethods="7"/>
          <line num="1" count="1" type="stmt"/>
          <line num="5" count="9" type="stmt"/>
          <line num="6" count="9" type="stmt"/>
          <line num="7" count="9" type="stmt"/>
          <line num="9" count="9" type="stmt"/>
          <line num="13" count="9" type="cond" truecount="1" falsecount="1"/>
          <line num="14" count="0" type="stmt"/>
          <line num="17" count="9" type="stmt"/>
          <line num="18" count="9" type="stmt"/>
          <line num="28" count="34" type="cond" truecount="2" falsecount="0"/>
          <line num="29" count="3" type="stmt"/>
          <line num="32" count="31" type="cond" truecount="2" falsecount="0"/>
          <line num="33" count="1" type="stmt"/>
          <line num="36" count="30" type="cond" truecount="2" falsecount="0"/>
          <line num="37" count="4" type="stmt"/>
          <line num="39" count="4" type="cond" truecount="2" falsecount="0"/>
          <line num="40" count="3" type="stmt"/>
          <line num="43" count="1" type="cond" truecount="1" falsecount="1"/>
          <line num="44" count="0" type="stmt"/>
          <line num="47" count="1" type="cond" truecount="1" falsecount="1"/>
          <line num="48" count="0" type="stmt"/>
          <line num="51" count="1" type="cond" truecount="1" falsecount="1"/>
          <line num="52" count="1" type="stmt"/>
          <line num="56" count="26" type="stmt"/>
          <line num="60" count="3" type="stmt"/>
          <line num="62" count="3" type="cond" truecount="1" falsecount="1"/>
          <line num="63" count="0" type="stmt"/>
          <line num="65" count="3" type="stmt"/>
          <line num="68" count="3" type="stmt"/>
          <line num="70" count="3" type="cond" truecount="1" falsecount="1"/>
          <line num="71" count="3" type="stmt"/>
          <line num="73" count="3" type="stmt"/>
          <line num="77" count="0" type="stmt"/>
          <line num="79" count="0" type="cond" truecount="0" falsecount="2"/>
          <line num="80" count="0" type="stmt"/>
          <line num="82" count="0" type="stmt"/>
          <line num="84" count="0" type="stmt"/>
          <line num="86" count="0" type="cond" truecount="0" falsecount="2"/>
          <line num="87" count="0" type="stmt"/>
          <line num="89" count="0" type="stmt"/>
          <line num="93" count="1" type="stmt"/>
          <line num="95" count="1" type="cond" truecount="1" falsecount="1"/>
          <line num="96" count="0" type="stmt"/>
          <line num="98" count="1" type="stmt"/>
          <line num="100" count="1" type="stmt"/>
          <line num="102" count="1" type="cond" truecount="1" falsecount="1"/>
          <line num="104" count="1" type="stmt"/>
          <line num="106" count="1" type="stmt"/>
          <line num="110" count="0" type="cond" truecount="0" falsecount="2"/>
          <line num="112" count="0" type="stmt"/>
          <line num="114" count="0" type="cond" truecount="0" falsecount="2"/>
          <line num="115" count="0" type="stmt"/>
          <line num="117" count="0" type="stmt"/>
          <line num="121" count="1" type="stmt"/>
        </file>
        <file name="ORM.js" path="/Users/jmather/code/json-schema-orm/src/orm/ORM.js">
          <metrics statements="15" coveredstatements="15" conditionals="2" coveredconditionals="2" methods="7" coveredmethods="7"/>
          <line num="1" count="1" type="stmt"/>
          <line num="2" count="1" type="stmt"/>
          <line num="10" count="1" type="stmt"/>
          <line num="11" count="1" type="stmt"/>
          <line num="13" count="1" type="stmt"/>
          <line num="17" count="1" type="stmt"/>
          <line num="18" count="9" type="stmt"/>
          <line num="19" count="9" type="stmt"/>
          <line num="24" count="9" type="stmt"/>
          <line num="28" count="15" type="cond" truecount="2" falsecount="0"/>
          <line num="29" count="1" type="stmt"/>
          <line num="32" count="14" type="stmt"/>
          <line num="36" count="4" type="stmt"/>
          <line num="38" count="4" type="stmt"/>
          <line num="42" count="1" type="stmt"/>
        </file>
        <file name="Repository.js" path="/Users/jmather/code/json-schema-orm/src/orm/Repository.js">
          <metrics statements="46" coveredstatements="45" conditionals="14" coveredconditionals="11" methods="16" coveredmethods="16"/>
          <line num="1" count="1" type="stmt"/>
          <line num="2" count="1" type="stmt"/>
          <line num="12" count="9" type="stmt"/>
          <line num="13" count="9" type="stmt"/>
          <line num="14" count="9" type="stmt"/>
          <line num="15" count="9" type="stmt"/>
          <line num="16" count="9" type="stmt"/>
          <line num="17" count="9" type="stmt"/>
          <line num="19" count="9" type="stmt"/>
          <line num="23" count="9" type="stmt"/>
          <line num="24" count="9" type="stmt"/>
          <line num="29" count="9" type="stmt"/>
          <line num="33" count="7" type="stmt"/>
          <line num="34" count="7" type="stmt"/>
          <line num="35" count="7" type="stmt"/>
          <line num="36" count="7" type="stmt"/>
          <line num="38" count="7" type="stmt"/>
          <line num="43" count="9" type="stmt"/>
          <line num="47" count="1" type="stmt"/>
          <line num="51" count="1" type="stmt"/>
          <line num="55" count="2" type="stmt"/>
          <line num="59" count="8" type="cond" truecount="4" falsecount="0"/>
          <line num="60" count="1" type="stmt"/>
          <line num="63" count="7" type="stmt"/>
          <line num="65" count="7" type="stmt"/>
          <line num="66" count="17" type="stmt"/>
          <line num="69" count="7" type="stmt"/>
          <line num="70" count="7" type="stmt"/>
          <line num="72" count="7" type="stmt"/>
          <line num="76" count="5" type="cond" truecount="2" falsecount="0"/>
          <line num="77" count="1" type="stmt"/>
          <line num="80" count="4" type="stmt"/>
          <line num="84" count="5" type="stmt"/>
          <line num="85" count="5" type="cond" truecount="2" falsecount="0"/>
          <line num="86" count="3" type="stmt"/>
          <line num="89" count="2" type="stmt"/>
          <line num="90" count="2" type="stmt"/>
          <line num="91" count="4" type="stmt"/>
          <line num="92" count="4" type="cond" truecount="1" falsecount="1"/>
          <line num="93" count="4" type="stmt"/>
          <line num="97" count="2" type="stmt"/>
          <line num="101" count="3" type="cond" truecount="1" falsecount="1"/>
          <line num="102" count="0" type="stmt"/>
          <line num="105" count="3" type="stmt"/>
          <line num="107" count="3" type="cond" truecount="1" falsecount="1"/>
          <line num="111" count="1" type="stmt"/>
        </file>
        <file name="Schema.js" path="/Users/jmather/code/json-schema-orm/src/orm/Schema.js">
          <metrics statements="4" coveredstatements="4" conditionals="2" coveredconditionals="2" methods="3" coveredmethods="3"/>
          <line num="7" count="9" type="stmt"/>
          <line num="15" count="18" type="cond" truecount="2" falsecount="0"/>
          <line num="19" count="9" type="stmt"/>
          <line num="23" count="1" type="stmt"/>
        </file>
        <file name="SchemaCollection.js" path="/Users/jmather/code/json-schema-orm/src/orm/SchemaCollection.js">
          <metrics statements="17" coveredstatements="15" conditionals="4" coveredconditionals="2" methods="7" coveredmethods="7"/>
          <line num="1" count="1" type="stmt"/>
          <line num="2" count="1" type="stmt"/>
          <line num="10" count="1" type="stmt"/>
          <line num="11" count="1" type="stmt"/>
          <line num="13" count="1" type="stmt"/>
          <line num="17" count="1" type="stmt"/>
          <line num="18" count="9" type="stmt"/>
          <line num="28" count="9" type="cond" truecount="1" falsecount="1"/>
          <line num="29" count="0" type="stmt"/>
          <line num="32" count="9" type="stmt"/>
          <line num="40" count="1" type="stmt"/>
          <line num="42" count="9" type="stmt"/>
          <line num="44" count="1" type="stmt"/>
          <line num="48" count="4" type="cond" truecount="1" falsecount="1"/>
          <line num="49" count="0" type="stmt"/>
          <line num="52" count="4" type="stmt"/>
          <line num="56" count="1" type="stmt"/>
        </file>
        <file name="index.js" path="/Users/jmather/code/json-schema-orm/src/orm/index.js">
          <metrics statements="1" coveredstatements="1" conditionals="0" coveredconditionals="0" methods="0" coveredmethods="0"/>
          <line num="1" count="1" type="stmt"/>
        </file>
      </package>
    </metrics>
  </project>
</coverage>
