{"/Users/jmather/code/json-schema-orm/src/tools.js": {"path":"/Users/jmather/code/json-schema-orm/src/tools.js","statementMap":{"0":{"start":{"line":1,"column":13},"end":{"line":1,"column":28}},"1":{"start":{"line":2,"column":13},"end":{"line":2,"column":31}},"2":{"start":{"line":3,"column":11},"end":{"line":3,"column":24}},"3":{"start":{"line":4,"column":13},"end":{"line":4,"column":28}},"4":{"start":{"line":6,"column":14},"end":{"line":43,"column":1}},"5":{"start":{"line":8,"column":8},"end":{"line":10,"column":9}},"6":{"start":{"line":9,"column":12},"end":{"line":9,"column":63}},"7":{"start":{"line":12,"column":8},"end":{"line":14,"column":9}},"8":{"start":{"line":13,"column":12},"end":{"line":13,"column":51}},"9":{"start":{"line":16,"column":8},"end":{"line":16,"column":47}},"10":{"start":{"line":19,"column":8},"end":{"line":19,"column":55}},"11":{"start":{"line":22,"column":8},"end":{"line":22,"column":52}},"12":{"start":{"line":25,"column":8},"end":{"line":25,"column":46}},"13":{"start":{"line":28,"column":8},"end":{"line":30,"column":9}},"14":{"start":{"line":29,"column":12},"end":{"line":29,"column":29}},"15":{"start":{"line":33,"column":22},"end":{"line":33,"column":56}},"16":{"start":{"line":34,"column":8},"end":{"line":34,"column":40}},"17":{"start":{"line":36,"column":8},"end":{"line":41,"column":10}},"18":{"start":{"line":37,"column":29},"end":{"line":37,"column":105}},"19":{"start":{"line":38,"column":28},"end":{"line":38,"column":66}},"20":{"start":{"line":39,"column":35},"end":{"line":39,"column":97}},"21":{"start":{"line":40,"column":12},"end":{"line":40,"column":54}},"22":{"start":{"line":45,"column":0},"end":{"line":45,"column":22}}},"fnMap":{"0":{"name":"(anonymous_0)","decl":{"start":{"line":7,"column":10},"end":{"line":7,"column":11}},"loc":{"start":{"line":7,"column":23},"end":{"line":17,"column":5}},"line":7},"1":{"name":"(anonymous_1)","decl":{"start":{"line":18,"column":14},"end":{"line":18,"column":15}},"loc":{"start":{"line":18,"column":28},"end":{"line":20,"column":5}},"line":18},"2":{"name":"(anonymous_2)","decl":{"start":{"line":21,"column":14},"end":{"line":21,"column":15}},"loc":{"start":{"line":21,"column":28},"end":{"line":23,"column":5}},"line":21},"3":{"name":"(anonymous_3)","decl":{"start":{"line":24,"column":16},"end":{"line":24,"column":17}},"loc":{"start":{"line":24,"column":28},"end":{"line":26,"column":5}},"line":24},"4":{"name":"(anonymous_4)","decl":{"start":{"line":27,"column":15},"end":{"line":27,"column":16}},"loc":{"start":{"line":27,"column":24},"end":{"line":31,"column":5}},"line":27},"5":{"name":"(anonymous_5)","decl":{"start":{"line":32,"column":20},"end":{"line":32,"column":21}},"loc":{"start":{"line":32,"column":53},"end":{"line":42,"column":5}},"line":32},"6":{"name":"(anonymous_6)","decl":{"start":{"line":36,"column":22},"end":{"line":36,"column":23}},"loc":{"start":{"line":36,"column":30},"end":{"line":41,"column":9}},"line":36}},"branchMap":{"0":{"loc":{"start":{"line":8,"column":8},"end":{"line":10,"column":9}},"type":"if","locations":[{"start":{"line":8,"column":8},"end":{"line":10,"column":9}},{"start":{"line":8,"column":8},"end":{"line":10,"column":9}}],"line":8},"1":{"loc":{"start":{"line":8,"column":12},"end":{"line":8,"column":38}},"type":"binary-expr","locations":[{"start":{"line":8,"column":12},"end":{"line":8,"column":19}},{"start":{"line":8,"column":23},"end":{"line":8,"column":38}}],"line":8},"2":{"loc":{"start":{"line":12,"column":8},"end":{"line":14,"column":9}},"type":"if","locations":[{"start":{"line":12,"column":8},"end":{"line":14,"column":9}},{"start":{"line":12,"column":8},"end":{"line":14,"column":9}}],"line":12},"3":{"loc":{"start":{"line":28,"column":8},"end":{"line":30,"column":9}},"type":"if","locations":[{"start":{"line":28,"column":8},"end":{"line":30,"column":9}},{"start":{"line":28,"column":8},"end":{"line":30,"column":9}}],"line":28}},"s":{"0":1,"1":1,"2":1,"3":1,"4":1,"5":0,"6":0,"7":0,"8":0,"9":0,"10":7,"11":0,"12":0,"13":0,"14":0,"15":0,"16":0,"17":0,"18":0,"19":0,"20":0,"21":0,"22":1},"f":{"0":0,"1":7,"2":0,"3":0,"4":0,"5":0,"6":0},"b":{"0":[0,0],"1":[0,0],"2":[0,0],"3":[0,0]},"_coverageSchema":"332fd63041d2c1bcb487cc26dd0d5f7d97098a6c","hash":"4704780a731de955ffdb7fcebdfbc70e4f27d22c"}
,"/Users/jmather/code/json-schema-orm/src/orm/Loader.js": {"path":"/Users/jmather/code/json-schema-orm/src/orm/Loader.js","statementMap":{"0":{"start":{"line":1,"column":13},"end":{"line":1,"column":28}},"1":{"start":{"line":2,"column":13},"end":{"line":2,"column":28}},"2":{"start":{"line":4,"column":14},"end":{"line":4,"column":33}},"3":{"start":{"line":5,"column":12},"end":{"line":5,"column":28}},"4":{"start":{"line":6,"column":25},"end":{"line":6,"column":54}},"5":{"start":{"line":17,"column":8},"end":{"line":17,"column":83}},"6":{"start":{"line":18,"column":23},"end":{"line":18,"column":57}},"7":{"start":{"line":19,"column":8},"end":{"line":19,"column":34}},"8":{"start":{"line":21,"column":8},"end":{"line":21,"column":23}},"9":{"start":{"line":29,"column":26},"end":{"line":29,"column":61}},"10":{"start":{"line":30,"column":8},"end":{"line":35,"column":10}},"11":{"start":{"line":31,"column":31},"end":{"line":31,"column":79}},"12":{"start":{"line":32,"column":25},"end":{"line":32,"column":59}},"13":{"start":{"line":33,"column":25},"end":{"line":33,"column":49}},"14":{"start":{"line":34,"column":12},"end":{"line":34,"column":26}},"15":{"start":{"line":47,"column":0},"end":{"line":47,"column":23}}},"fnMap":{"0":{"name":"(anonymous_0)","decl":{"start":{"line":9,"column":4},"end":{"line":9,"column":5}},"loc":{"start":{"line":9,"column":18},"end":{"line":10,"column":5}},"line":9},"1":{"name":"(anonymous_1)","decl":{"start":{"line":16,"column":4},"end":{"line":16,"column":5}},"loc":{"start":{"line":16,"column":35},"end":{"line":22,"column":5}},"line":16},"2":{"name":"(anonymous_2)","decl":{"start":{"line":28,"column":4},"end":{"line":28,"column":5}},"loc":{"start":{"line":28,"column":23},"end":{"line":36,"column":5}},"line":28},"3":{"name":"(anonymous_3)","decl":{"start":{"line":30,"column":26},"end":{"line":30,"column":27}},"loc":{"start":{"line":30,"column":38},"end":{"line":35,"column":9}},"line":30},"4":{"name":"(anonymous_4)","decl":{"start":{"line":38,"column":4},"end":{"line":38,"column":5}},"loc":{"start":{"line":38,"column":25},"end":{"line":44,"column":5}},"line":38}},"branchMap":{},"s":{"0":1,"1":1,"2":1,"3":1,"4":1,"5":1,"6":1,"7":1,"8":1,"9":1,"10":1,"11":7,"12":7,"13":7,"14":7,"15":1},"f":{"0":1,"1":1,"2":1,"3":7,"4":0},"b":{},"_coverageSchema":"332fd63041d2c1bcb487cc26dd0d5f7d97098a6c","hash":"f637821949e8cbe40ee6ab353e2580d21d5271b3"}
,"/Users/jmather/code/json-schema-orm/src/orm/ModelHandler.js": {"path":"/Users/jmather/code/json-schema-orm/src/orm/ModelHandler.js","statementMap":{"0":{"start":{"line":1,"column":10},"end":{"line":1,"column":31}},"1":{"start":{"line":5,"column":8},"end":{"line":5,"column":28}},"2":{"start":{"line":6,"column":8},"end":{"line":6,"column":22}},"3":{"start":{"line":7,"column":8},"end":{"line":7,"column":39}},"4":{"start":{"line":9,"column":8},"end":{"line":9,"column":28}},"5":{"start":{"line":13,"column":8},"end":{"line":15,"column":9}},"6":{"start":{"line":14,"column":12},"end":{"line":14,"column":18}},"7":{"start":{"line":17,"column":8},"end":{"line":19,"column":10}},"8":{"start":{"line":18,"column":12},"end":{"line":18,"column":74}},"9":{"start":{"line":28,"column":8},"end":{"line":30,"column":9}},"10":{"start":{"line":29,"column":12},"end":{"line":29,"column":23}},"11":{"start":{"line":32,"column":8},"end":{"line":34,"column":9}},"12":{"start":{"line":33,"column":12},"end":{"line":33,"column":28}},"13":{"start":{"line":33,"column":25},"end":{"line":33,"column":28}},"14":{"start":{"line":36,"column":8},"end":{"line":54,"column":9}},"15":{"start":{"line":37,"column":31},"end":{"line":37,"column":67}},"16":{"start":{"line":39,"column":12},"end":{"line":41,"column":13}},"17":{"start":{"line":40,"column":16},"end":{"line":40,"column":55}},"18":{"start":{"line":43,"column":12},"end":{"line":45,"column":13}},"19":{"start":{"line":44,"column":16},"end":{"line":44,"column":61}},"20":{"start":{"line":47,"column":12},"end":{"line":49,"column":13}},"21":{"start":{"line":48,"column":16},"end":{"line":48,"column":56}},"22":{"start":{"line":51,"column":12},"end":{"line":53,"column":13}},"23":{"start":{"line":52,"column":16},"end":{"line":52,"column":62}},"24":{"start":{"line":56,"column":8},"end":{"line":56,"column":28}},"25":{"start":{"line":60,"column":26},"end":{"line":60,"column":28}},"26":{"start":{"line":62,"column":8},"end":{"line":66,"column":9}},"27":{"start":{"line":63,"column":12},"end":{"line":63,"column":46}},"28":{"start":{"line":65,"column":12},"end":{"line":65,"column":48}},"29":{"start":{"line":68,"column":22},"end":{"line":68,"column":50}},"30":{"start":{"line":70,"column":30},"end":{"line":70,"column":123}},"31":{"start":{"line":71,"column":21},"end":{"line":71,"column":68}},"32":{"start":{"line":73,"column":8},"end":{"line":73,"column":53}},"33":{"start":{"line":77,"column":26},"end":{"line":77,"column":28}},"34":{"start":{"line":79,"column":8},"end":{"line":83,"column":9}},"35":{"start":{"line":80,"column":12},"end":{"line":80,"column":66}},"36":{"start":{"line":82,"column":12},"end":{"line":82,"column":50}},"37":{"start":{"line":84,"column":22},"end":{"line":84,"column":50}},"38":{"start":{"line":86,"column":30},"end":{"line":86,"column":123}},"39":{"start":{"line":87,"column":21},"end":{"line":87,"column":68}},"40":{"start":{"line":89,"column":8},"end":{"line":89,"column":53}},"41":{"start":{"line":93,"column":26},"end":{"line":93,"column":28}},"42":{"start":{"line":95,"column":8},"end":{"line":99,"column":9}},"43":{"start":{"line":96,"column":12},"end":{"line":96,"column":66}},"44":{"start":{"line":98,"column":12},"end":{"line":98,"column":50}},"45":{"start":{"line":100,"column":22},"end":{"line":100,"column":50}},"46":{"start":{"line":102,"column":30},"end":{"line":102,"column":123}},"47":{"start":{"line":104,"column":21},"end":{"line":104,"column":68}},"48":{"start":{"line":106,"column":8},"end":{"line":106,"column":50}},"49":{"start":{"line":110,"column":28},"end":{"line":110,"column":115}},"50":{"start":{"line":112,"column":22},"end":{"line":112,"column":50}},"51":{"start":{"line":114,"column":30},"end":{"line":114,"column":123}},"52":{"start":{"line":115,"column":21},"end":{"line":115,"column":68}},"53":{"start":{"line":117,"column":8},"end":{"line":117,"column":53}},"54":{"start":{"line":121,"column":0},"end":{"line":121,"column":29}}},"fnMap":{"0":{"name":"(anonymous_0)","decl":{"start":{"line":4,"column":4},"end":{"line":4,"column":5}},"loc":{"start":{"line":4,"column":29},"end":{"line":10,"column":5}},"line":4},"1":{"name":"(anonymous_1)","decl":{"start":{"line":12,"column":4},"end":{"line":12,"column":5}},"loc":{"start":{"line":12,"column":20},"end":{"line":20,"column":5}},"line":12},"2":{"name":"(anonymous_2)","decl":{"start":{"line":17,"column":46},"end":{"line":17,"column":47}},"loc":{"start":{"line":17,"column":58},"end":{"line":19,"column":9}},"line":17},"3":{"name":"(anonymous_3)","decl":{"start":{"line":27,"column":4},"end":{"line":27,"column":5}},"loc":{"start":{"line":27,"column":23},"end":{"line":57,"column":5}},"line":27},"4":{"name":"(anonymous_4)","decl":{"start":{"line":33,"column":19},"end":{"line":33,"column":20}},"loc":{"start":{"line":33,"column":25},"end":{"line":33,"column":28}},"line":33},"5":{"name":"(anonymous_5)","decl":{"start":{"line":59,"column":4},"end":{"line":59,"column":5}},"loc":{"start":{"line":59,"column":32},"end":{"line":74,"column":5}},"line":59},"6":{"name":"(anonymous_6)","decl":{"start":{"line":76,"column":4},"end":{"line":76,"column":5}},"loc":{"start":{"line":76,"column":38},"end":{"line":90,"column":5}},"line":76},"7":{"name":"(anonymous_7)","decl":{"start":{"line":92,"column":4},"end":{"line":92,"column":5}},"loc":{"start":{"line":92,"column":39},"end":{"line":107,"column":5}},"line":92},"8":{"name":"(anonymous_8)","decl":{"start":{"line":109,"column":4},"end":{"line":109,"column":5}},"loc":{"start":{"line":109,"column":33},"end":{"line":118,"column":5}},"line":109}},"branchMap":{"0":{"loc":{"start":{"line":13,"column":8},"end":{"line":15,"column":9}},"type":"if","locations":[{"start":{"line":13,"column":8},"end":{"line":15,"column":9}},{"start":{"line":13,"column":8},"end":{"line":15,"column":9}}],"line":13},"1":{"loc":{"start":{"line":28,"column":8},"end":{"line":30,"column":9}},"type":"if","locations":[{"start":{"line":28,"column":8},"end":{"line":30,"column":9}},{"start":{"line":28,"column":8},"end":{"line":30,"column":9}}],"line":28},"2":{"loc":{"start":{"line":32,"column":8},"end":{"line":34,"column":9}},"type":"if","locations":[{"start":{"line":32,"column":8},"end":{"line":34,"column":9}},{"start":{"line":32,"column":8},"end":{"line":34,"column":9}}],"line":32},"3":{"loc":{"start":{"line":36,"column":8},"end":{"line":54,"column":9}},"type":"if","locations":[{"start":{"line":36,"column":8},"end":{"line":54,"column":9}},{"start":{"line":36,"column":8},"end":{"line":54,"column":9}}],"line":36},"4":{"loc":{"start":{"line":39,"column":12},"end":{"line":41,"column":13}},"type":"if","locations":[{"start":{"line":39,"column":12},"end":{"line":41,"column":13}},{"start":{"line":39,"column":12},"end":{"line":41,"column":13}}],"line":39},"5":{"loc":{"start":{"line":43,"column":12},"end":{"line":45,"column":13}},"type":"if","locations":[{"start":{"line":43,"column":12},"end":{"line":45,"column":13}},{"start":{"line":43,"column":12},"end":{"line":45,"column":13}}],"line":43},"6":{"loc":{"start":{"line":47,"column":12},"end":{"line":49,"column":13}},"type":"if","locations":[{"start":{"line":47,"column":12},"end":{"line":49,"column":13}},{"start":{"line":47,"column":12},"end":{"line":49,"column":13}}],"line":47},"7":{"loc":{"start":{"line":51,"column":12},"end":{"line":53,"column":13}},"type":"if","locations":[{"start":{"line":51,"column":12},"end":{"line":53,"column":13}},{"start":{"line":51,"column":12},"end":{"line":53,"column":13}}],"line":51},"8":{"loc":{"start":{"line":62,"column":8},"end":{"line":66,"column":9}},"type":"if","locations":[{"start":{"line":62,"column":8},"end":{"line":66,"column":9}},{"start":{"line":62,"column":8},"end":{"line":66,"column":9}}],"line":62},"9":{"loc":{"start":{"line":70,"column":30},"end":{"line":70,"column":123}},"type":"cond-expr","locations":[{"start":{"line":70,"column":74},"end":{"line":70,"column":96}},{"start":{"line":70,"column":99},"end":{"line":70,"column":123}}],"line":70},"10":{"loc":{"start":{"line":79,"column":8},"end":{"line":83,"column":9}},"type":"if","locations":[{"start":{"line":79,"column":8},"end":{"line":83,"column":9}},{"start":{"line":79,"column":8},"end":{"line":83,"column":9}}],"line":79},"11":{"loc":{"start":{"line":86,"column":30},"end":{"line":86,"column":123}},"type":"cond-expr","locations":[{"start":{"line":86,"column":74},"end":{"line":86,"column":96}},{"start":{"line":86,"column":99},"end":{"line":86,"column":123}}],"line":86},"12":{"loc":{"start":{"line":95,"column":8},"end":{"line":99,"column":9}},"type":"if","locations":[{"start":{"line":95,"column":8},"end":{"line":99,"column":9}},{"start":{"line":95,"column":8},"end":{"line":99,"column":9}}],"line":95},"13":{"loc":{"start":{"line":102,"column":30},"end":{"line":102,"column":123}},"type":"cond-expr","locations":[{"start":{"line":102,"column":74},"end":{"line":102,"column":96}},{"start":{"line":102,"column":99},"end":{"line":102,"column":123}}],"line":102},"14":{"loc":{"start":{"line":110,"column":28},"end":{"line":110,"column":115}},"type":"cond-expr","locations":[{"start":{"line":110,"column":70},"end":{"line":110,"column":90}},{"start":{"line":110,"column":93},"end":{"line":110,"column":115}}],"line":110},"15":{"loc":{"start":{"line":114,"column":30},"end":{"line":114,"column":123}},"type":"cond-expr","locations":[{"start":{"line":114,"column":74},"end":{"line":114,"column":96}},{"start":{"line":114,"column":99},"end":{"line":114,"column":123}}],"line":114}},"s":{"0":1,"1":9,"2":9,"3":9,"4":9,"5":9,"6":0,"7":9,"8":9,"9":34,"10":3,"11":31,"12":1,"13":1,"14":30,"15":4,"16":4,"17":3,"18":1,"19":0,"20":1,"21":0,"22":1,"23":1,"24":26,"25":3,"26":3,"27":0,"28":3,"29":3,"30":3,"31":3,"32":3,"33":0,"34":0,"35":0,"36":0,"37":0,"38":0,"39":0,"40":0,"41":1,"42":1,"43":0,"44":1,"45":1,"46":1,"47":1,"48":1,"49":0,"50":0,"51":0,"52":0,"53":0,"54":1},"f":{"0":9,"1":9,"2":9,"3":34,"4":1,"5":3,"6":0,"7":1,"8":0},"b":{"0":[0,9],"1":[3,31],"2":[1,30],"3":[4,26],"4":[3,1],"5":[0,1],"6":[0,1],"7":[1,0],"8":[0,3],"9":[0,3],"10":[0,0],"11":[0,0],"12":[0,1],"13":[1,0],"14":[0,0],"15":[0,0]},"_coverageSchema":"332fd63041d2c1bcb487cc26dd0d5f7d97098a6c","hash":"302288b62795eea6b93ed383bd20c1f88c825b7f"}
,"/Users/jmather/code/json-schema-orm/src/orm/ORM.js": {"path":"/Users/jmather/code/json-schema-orm/src/orm/ORM.js","statementMap":{"0":{"start":{"line":1,"column":10},"end":{"line":1,"column":31}},"1":{"start":{"line":2,"column":19},"end":{"line":2,"column":42}},"2":{"start":{"line":10,"column":8},"end":{"line":10,"column":38}},"3":{"start":{"line":11,"column":8},"end":{"line":11,"column":30}},"4":{"start":{"line":13,"column":8},"end":{"line":13,"column":33}},"5":{"start":{"line":17,"column":8},"end":{"line":20,"column":10}},"6":{"start":{"line":18,"column":27},"end":{"line":18,"column":70}},"7":{"start":{"line":19,"column":12},"end":{"line":19,"column":84}},"8":{"start":{"line":24,"column":8},"end":{"line":24,"column":47}},"9":{"start":{"line":24,"column":45},"end":{"line":24,"column":46}},"10":{"start":{"line":28,"column":8},"end":{"line":30,"column":9}},"11":{"start":{"line":29,"column":12},"end":{"line":29,"column":61}},"12":{"start":{"line":32,"column":8},"end":{"line":32,"column":38}},"13":{"start":{"line":36,"column":27},"end":{"line":36,"column":74}},"14":{"start":{"line":38,"column":8},"end":{"line":38,"column":45}},"15":{"start":{"line":42,"column":0},"end":{"line":42,"column":20}}},"fnMap":{"0":{"name":"(anonymous_0)","decl":{"start":{"line":9,"column":4},"end":{"line":9,"column":5}},"loc":{"start":{"line":9,"column":24},"end":{"line":14,"column":5}},"line":9},"1":{"name":"(anonymous_1)","decl":{"start":{"line":16,"column":4},"end":{"line":16,"column":5}},"loc":{"start":{"line":16,"column":25},"end":{"line":21,"column":5}},"line":16},"2":{"name":"(anonymous_2)","decl":{"start":{"line":17,"column":55},"end":{"line":17,"column":56}},"loc":{"start":{"line":17,"column":69},"end":{"line":20,"column":9}},"line":17},"3":{"name":"(anonymous_3)","decl":{"start":{"line":23,"column":4},"end":{"line":23,"column":5}},"loc":{"start":{"line":23,"column":22},"end":{"line":25,"column":5}},"line":23},"4":{"name":"(anonymous_4)","decl":{"start":{"line":24,"column":40},"end":{"line":24,"column":41}},"loc":{"start":{"line":24,"column":45},"end":{"line":24,"column":46}},"line":24},"5":{"name":"(anonymous_5)","decl":{"start":{"line":27,"column":4},"end":{"line":27,"column":5}},"loc":{"start":{"line":27,"column":24},"end":{"line":33,"column":5}},"line":27},"6":{"name":"(anonymous_6)","decl":{"start":{"line":35,"column":4},"end":{"line":35,"column":5}},"loc":{"start":{"line":35,"column":30},"end":{"line":39,"column":5}},"line":35}},"branchMap":{"0":{"loc":{"start":{"line":28,"column":8},"end":{"line":30,"column":9}},"type":"if","locations":[{"start":{"line":28,"column":8},"end":{"line":30,"column":9}},{"start":{"line":28,"column":8},"end":{"line":30,"column":9}}],"line":28}},"s":{"0":1,"1":1,"2":1,"3":1,"4":1,"5":1,"6":9,"7":9,"8":1,"9":9,"10":15,"11":1,"12":14,"13":4,"14":4,"15":1},"f":{"0":1,"1":1,"2":9,"3":1,"4":9,"5":15,"6":4},"b":{"0":[1,14]},"_coverageSchema":"332fd63041d2c1bcb487cc26dd0d5f7d97098a6c","hash":"597998652f1b33baa4f80a0ba57a1a7e31fc63c1"}
,"/Users/jmather/code/json-schema-orm/src/orm/Repository.js": {"path":"/Users/jmather/code/json-schema-orm/src/orm/Repository.js","statementMap":{"0":{"start":{"line":1,"column":10},"end":{"line":1,"column":31}},"1":{"start":{"line":2,"column":21},"end":{"line":2,"column":46}},"2":{"start":{"line":12,"column":8},"end":{"line":12,"column":24}},"3":{"start":{"line":13,"column":8},"end":{"line":13,"column":28}},"4":{"start":{"line":14,"column":8},"end":{"line":14,"column":22}},"5":{"start":{"line":15,"column":8},"end":{"line":15,"column":25}},"6":{"start":{"line":16,"column":8},"end":{"line":16,"column":25}},"7":{"start":{"line":17,"column":8},"end":{"line":17,"column":67}},"8":{"start":{"line":19,"column":8},"end":{"line":19,"column":28}},"9":{"start":{"line":23,"column":27},"end":{"line":23,"column":59}},"10":{"start":{"line":24,"column":8},"end":{"line":28,"column":9}},"11":{"start":{"line":29,"column":8},"end":{"line":29,"column":52}},"12":{"start":{"line":33,"column":8},"end":{"line":39,"column":10}},"13":{"start":{"line":34,"column":27},"end":{"line":34,"column":29}},"14":{"start":{"line":35,"column":12},"end":{"line":37,"column":14}},"15":{"start":{"line":36,"column":16},"end":{"line":36,"column":54}},"16":{"start":{"line":38,"column":12},"end":{"line":38,"column":48}},"17":{"start":{"line":43,"column":8},"end":{"line":43,"column":48}},"18":{"start":{"line":47,"column":8},"end":{"line":47,"column":24}},"19":{"start":{"line":51,"column":8},"end":{"line":51,"column":26}},"20":{"start":{"line":55,"column":8},"end":{"line":55,"column":54}},"21":{"start":{"line":55,"column":40},"end":{"line":55,"column":53}},"22":{"start":{"line":59,"column":8},"end":{"line":61,"column":9}},"23":{"start":{"line":60,"column":12},"end":{"line":60,"column":23}},"24":{"start":{"line":63,"column":22},"end":{"line":63,"column":36}},"25":{"start":{"line":65,"column":8},"end":{"line":67,"column":10}},"26":{"start":{"line":66,"column":12},"end":{"line":66,"column":39}},"27":{"start":{"line":69,"column":8},"end":{"line":69,"column":32}},"28":{"start":{"line":70,"column":8},"end":{"line":70,"column":26}},"29":{"start":{"line":72,"column":8},"end":{"line":72,"column":18}},"30":{"start":{"line":76,"column":8},"end":{"line":78,"column":9}},"31":{"start":{"line":77,"column":12},"end":{"line":77,"column":23}},"32":{"start":{"line":80,"column":8},"end":{"line":80,"column":73}},"33":{"start":{"line":84,"column":27},"end":{"line":84,"column":56}},"34":{"start":{"line":85,"column":8},"end":{"line":87,"column":9}},"35":{"start":{"line":86,"column":12},"end":{"line":86,"column":53}},"36":{"start":{"line":89,"column":24},"end":{"line":89,"column":26}},"37":{"start":{"line":90,"column":8},"end":{"line":95,"column":10}},"38":{"start":{"line":91,"column":29},"end":{"line":91,"column":57}},"39":{"start":{"line":92,"column":12},"end":{"line":94,"column":13}},"40":{"start":{"line":93,"column":16},"end":{"line":93,"column":66}},"41":{"start":{"line":97,"column":8},"end":{"line":97,"column":22}},"42":{"start":{"line":101,"column":8},"end":{"line":103,"column":9}},"43":{"start":{"line":102,"column":12},"end":{"line":102,"column":87}},"44":{"start":{"line":105,"column":23},"end":{"line":105,"column":60}},"45":{"start":{"line":107,"column":8},"end":{"line":107,"column":60}},"46":{"start":{"line":111,"column":0},"end":{"line":111,"column":27}}},"fnMap":{"0":{"name":"(anonymous_0)","decl":{"start":{"line":11,"column":4},"end":{"line":11,"column":5}},"loc":{"start":{"line":11,"column":35},"end":{"line":20,"column":5}},"line":11},"1":{"name":"(anonymous_1)","decl":{"start":{"line":22,"column":4},"end":{"line":22,"column":5}},"loc":{"start":{"line":22,"column":20},"end":{"line":30,"column":5}},"line":22},"2":{"name":"(anonymous_2)","decl":{"start":{"line":32,"column":4},"end":{"line":32,"column":5}},"loc":{"start":{"line":32,"column":16},"end":{"line":40,"column":5}},"line":32},"3":{"name":"(anonymous_3)","decl":{"start":{"line":33,"column":32},"end":{"line":33,"column":33}},"loc":{"start":{"line":33,"column":41},"end":{"line":39,"column":9}},"line":33},"4":{"name":"(anonymous_4)","decl":{"start":{"line":35,"column":40},"end":{"line":35,"column":41}},"loc":{"start":{"line":35,"column":52},"end":{"line":37,"column":13}},"line":35},"5":{"name":"(anonymous_5)","decl":{"start":{"line":42,"column":4},"end":{"line":42,"column":5}},"loc":{"start":{"line":42,"column":15},"end":{"line":44,"column":5}},"line":42},"6":{"name":"(anonymous_6)","decl":{"start":{"line":46,"column":4},"end":{"line":46,"column":5}},"loc":{"start":{"line":46,"column":14},"end":{"line":48,"column":5}},"line":46},"7":{"name":"(anonymous_7)","decl":{"start":{"line":50,"column":4},"end":{"line":50,"column":5}},"loc":{"start":{"line":50,"column":16},"end":{"line":52,"column":5}},"line":50},"8":{"name":"(anonymous_8)","decl":{"start":{"line":54,"column":4},"end":{"line":54,"column":5}},"loc":{"start":{"line":54,"column":13},"end":{"line":56,"column":5}},"line":54},"9":{"name":"(anonymous_9)","decl":{"start":{"line":55,"column":35},"end":{"line":55,"column":36}},"loc":{"start":{"line":55,"column":40},"end":{"line":55,"column":53}},"line":55},"10":{"name":"(anonymous_10)","decl":{"start":{"line":58,"column":4},"end":{"line":58,"column":5}},"loc":{"start":{"line":58,"column":13},"end":{"line":73,"column":5}},"line":58},"11":{"name":"(anonymous_11)","decl":{"start":{"line":65,"column":23},"end":{"line":65,"column":24}},"loc":{"start":{"line":65,"column":48},"end":{"line":67,"column":9}},"line":65},"12":{"name":"(anonymous_12)","decl":{"start":{"line":75,"column":4},"end":{"line":75,"column":5}},"loc":{"start":{"line":75,"column":12},"end":{"line":81,"column":5}},"line":75},"13":{"name":"(anonymous_13)","decl":{"start":{"line":83,"column":4},"end":{"line":83,"column":5}},"loc":{"start":{"line":83,"column":30},"end":{"line":98,"column":5}},"line":83},"14":{"name":"(anonymous_14)","decl":{"start":{"line":90,"column":32},"end":{"line":90,"column":33}},"loc":{"start":{"line":90,"column":42},"end":{"line":95,"column":9}},"line":90},"15":{"name":"(anonymous_15)","decl":{"start":{"line":100,"column":4},"end":{"line":100,"column":5}},"loc":{"start":{"line":100,"column":33},"end":{"line":108,"column":5}},"line":100}},"branchMap":{"0":{"loc":{"start":{"line":59,"column":8},"end":{"line":61,"column":9}},"type":"if","locations":[{"start":{"line":59,"column":8},"end":{"line":61,"column":9}},{"start":{"line":59,"column":8},"end":{"line":61,"column":9}}],"line":59},"1":{"loc":{"start":{"line":59,"column":12},"end":{"line":59,"column":74}},"type":"binary-expr","locations":[{"start":{"line":59,"column":12},"end":{"line":59,"column":29}},{"start":{"line":59,"column":33},"end":{"line":59,"column":74}}],"line":59},"2":{"loc":{"start":{"line":76,"column":8},"end":{"line":78,"column":9}},"type":"if","locations":[{"start":{"line":76,"column":8},"end":{"line":78,"column":9}},{"start":{"line":76,"column":8},"end":{"line":78,"column":9}}],"line":76},"3":{"loc":{"start":{"line":85,"column":8},"end":{"line":87,"column":9}},"type":"if","locations":[{"start":{"line":85,"column":8},"end":{"line":87,"column":9}},{"start":{"line":85,"column":8},"end":{"line":87,"column":9}}],"line":85},"4":{"loc":{"start":{"line":92,"column":12},"end":{"line":94,"column":13}},"type":"if","locations":[{"start":{"line":92,"column":12},"end":{"line":94,"column":13}},{"start":{"line":92,"column":12},"end":{"line":94,"column":13}}],"line":92},"5":{"loc":{"start":{"line":101,"column":8},"end":{"line":103,"column":9}},"type":"if","locations":[{"start":{"line":101,"column":8},"end":{"line":103,"column":9}},{"start":{"line":101,"column":8},"end":{"line":103,"column":9}}],"line":101},"6":{"loc":{"start":{"line":107,"column":15},"end":{"line":107,"column":60}},"type":"cond-expr","locations":[{"start":{"line":107,"column":43},"end":{"line":107,"column":49}},{"start":{"line":107,"column":52},"end":{"line":107,"column":60}}],"line":107}},"s":{"0":1,"1":1,"2":9,"3":9,"4":9,"5":9,"6":9,"7":9,"8":9,"9":9,"10":9,"11":9,"12":7,"13":7,"14":7,"15":7,"16":7,"17":9,"18":1,"19":1,"20":1,"21":2,"22":8,"23":1,"24":7,"25":7,"26":17,"27":7,"28":7,"29":7,"30":5,"31":1,"32":4,"33":5,"34":5,"35":3,"36":2,"37":2,"38":4,"39":4,"40":4,"41":2,"42":3,"43":0,"44":3,"45":3,"46":1},"f":{"0":9,"1":9,"2":7,"3":7,"4":7,"5":9,"6":1,"7":1,"8":1,"9":2,"10":8,"11":17,"12":5,"13":5,"14":4,"15":3},"b":{"0":[1,7],"1":[8,1],"2":[1,4],"3":[3,2],"4":[4,0],"5":[0,3],"6":[0,3]},"_coverageSchema":"332fd63041d2c1bcb487cc26dd0d5f7d97098a6c","hash":"bb9d33dde0426dc50a1bc5e3fcfc3f341d04fb71"}
,"/Users/jmather/code/json-schema-orm/src/orm/Schema.js": {"path":"/Users/jmather/code/json-schema-orm/src/orm/Schema.js","statementMap":{"0":{"start":{"line":7,"column":8},"end":{"line":7,"column":28}},"1":{"start":{"line":15,"column":8},"end":{"line":15,"column":46}},"2":{"start":{"line":19,"column":8},"end":{"line":19,"column":47}},"3":{"start":{"line":23,"column":0},"end":{"line":23,"column":23}}},"fnMap":{"0":{"name":"(anonymous_0)","decl":{"start":{"line":6,"column":4},"end":{"line":6,"column":5}},"loc":{"start":{"line":6,"column":24},"end":{"line":8,"column":5}},"line":6},"1":{"name":"(anonymous_1)","decl":{"start":{"line":14,"column":4},"end":{"line":14,"column":5}},"loc":{"start":{"line":14,"column":19},"end":{"line":16,"column":5}},"line":14},"2":{"name":"(anonymous_2)","decl":{"start":{"line":18,"column":4},"end":{"line":18,"column":5}},"loc":{"start":{"line":18,"column":25},"end":{"line":20,"column":5}},"line":18}},"branchMap":{"0":{"loc":{"start":{"line":15,"column":15},"end":{"line":15,"column":46}},"type":"binary-expr","locations":[{"start":{"line":15,"column":15},"end":{"line":15,"column":40}},{"start":{"line":15,"column":44},"end":{"line":15,"column":46}}],"line":15}},"s":{"0":9,"1":18,"2":9,"3":1},"f":{"0":9,"1":18,"2":9},"b":{"0":[18,10]},"_coverageSchema":"332fd63041d2c1bcb487cc26dd0d5f7d97098a6c","hash":"537bb16490aee4c5096e957dab44e0e2ac794a34"}
,"/Users/jmather/code/json-schema-orm/src/orm/SchemaCollection.js": {"path":"/Users/jmather/code/json-schema-orm/src/orm/SchemaCollection.js","statementMap":{"0":{"start":{"line":1,"column":10},"end":{"line":1,"column":31}},"1":{"start":{"line":2,"column":15},"end":{"line":2,"column":34}},"2":{"start":{"line":10,"column":8},"end":{"line":10,"column":48}},"3":{"start":{"line":11,"column":8},"end":{"line":11,"column":27}},"4":{"start":{"line":13,"column":8},"end":{"line":13,"column":20}},"5":{"start":{"line":17,"column":8},"end":{"line":19,"column":10}},"6":{"start":{"line":18,"column":12},"end":{"line":18,"column":50}},"7":{"start":{"line":28,"column":8},"end":{"line":30,"column":9}},"8":{"start":{"line":29,"column":12},"end":{"line":29,"column":54}},"9":{"start":{"line":32,"column":8},"end":{"line":32,"column":61}},"10":{"start":{"line":40,"column":28},"end":{"line":40,"column":30}},"11":{"start":{"line":42,"column":8},"end":{"line":42,"column":94}},"12":{"start":{"line":42,"column":65},"end":{"line":42,"column":93}},"13":{"start":{"line":44,"column":8},"end":{"line":44,"column":26}},"14":{"start":{"line":48,"column":8},"end":{"line":50,"column":9}},"15":{"start":{"line":49,"column":12},"end":{"line":49,"column":62}},"16":{"start":{"line":52,"column":8},"end":{"line":52,"column":35}},"17":{"start":{"line":56,"column":0},"end":{"line":56,"column":33}}},"fnMap":{"0":{"name":"(anonymous_0)","decl":{"start":{"line":9,"column":4},"end":{"line":9,"column":5}},"loc":{"start":{"line":9,"column":34},"end":{"line":14,"column":5}},"line":9},"1":{"name":"(anonymous_1)","decl":{"start":{"line":16,"column":4},"end":{"line":16,"column":5}},"loc":{"start":{"line":16,"column":12},"end":{"line":20,"column":5}},"line":16},"2":{"name":"(anonymous_2)","decl":{"start":{"line":17,"column":41},"end":{"line":17,"column":42}},"loc":{"start":{"line":17,"column":63},"end":{"line":19,"column":9}},"line":17},"3":{"name":"(anonymous_3)","decl":{"start":{"line":27,"column":4},"end":{"line":27,"column":5}},"loc":{"start":{"line":27,"column":20},"end":{"line":33,"column":5}},"line":27},"4":{"name":"(anonymous_4)","decl":{"start":{"line":39,"column":4},"end":{"line":39,"column":5}},"loc":{"start":{"line":39,"column":21},"end":{"line":45,"column":5}},"line":39},"5":{"name":"(anonymous_5)","decl":{"start":{"line":42,"column":41},"end":{"line":42,"column":42}},"loc":{"start":{"line":42,"column":65},"end":{"line":42,"column":93}},"line":42},"6":{"name":"(anonymous_6)","decl":{"start":{"line":47,"column":4},"end":{"line":47,"column":5}},"loc":{"start":{"line":47,"column":30},"end":{"line":53,"column":5}},"line":47}},"branchMap":{"0":{"loc":{"start":{"line":28,"column":8},"end":{"line":30,"column":9}},"type":"if","locations":[{"start":{"line":28,"column":8},"end":{"line":30,"column":9}},{"start":{"line":28,"column":8},"end":{"line":30,"column":9}}],"line":28},"1":{"loc":{"start":{"line":48,"column":8},"end":{"line":50,"column":9}},"type":"if","locations":[{"start":{"line":48,"column":8},"end":{"line":50,"column":9}},{"start":{"line":48,"column":8},"end":{"line":50,"column":9}}],"line":48}},"s":{"0":1,"1":1,"2":1,"3":1,"4":1,"5":1,"6":9,"7":9,"8":0,"9":9,"10":1,"11":1,"12":9,"13":1,"14":4,"15":0,"16":4,"17":1},"f":{"0":1,"1":1,"2":9,"3":9,"4":1,"5":9,"6":4},"b":{"0":[0,9],"1":[0,4]},"_coverageSchema":"332fd63041d2c1bcb487cc26dd0d5f7d97098a6c","hash":"39efdd46e50a84bc168d351b291818f0513b3b01"}
,"/Users/jmather/code/json-schema-orm/src/orm/index.js": {"path":"/Users/jmather/code/json-schema-orm/src/orm/index.js","statementMap":{"0":{"start":{"line":1,"column":0},"end":{"line":8,"column":1}}},"fnMap":{},"branchMap":{},"s":{"0":1},"f":{},"b":{},"_coverageSchema":"332fd63041d2c1bcb487cc26dd0d5f7d97098a6c","hash":"f65974d9aebde69ce876e50d395b3e80188dc494"}
}
