TN:
SF:/Users/jmather/code/json-schema-orm/src/tools.js
FN:7,(anonymous_0)
FN:18,(anonymous_1)
FN:21,(anonymous_2)
FN:24,(anonymous_3)
FN:27,(anonymous_4)
FN:32,(anonymous_5)
FN:36,(anonymous_6)
FNF:7
FNH:1
FNDA:0,(anonymous_0)
FNDA:7,(anonymous_1)
FNDA:0,(anonymous_2)
FNDA:0,(anonymous_3)
FNDA:0,(anonymous_4)
FNDA:0,(anonymous_5)
FNDA:0,(anonymous_6)
DA:1,1
DA:2,1
DA:3,1
DA:4,1
DA:6,1
DA:8,0
DA:9,0
DA:12,0
DA:13,0
DA:16,0
DA:19,7
DA:22,0
DA:25,0
DA:28,0
DA:29,0
DA:33,0
DA:34,0
DA:36,0
DA:37,0
DA:38,0
DA:39,0
DA:40,0
DA:45,1
LF:23
LH:7
BRDA:8,0,0,0
BRDA:8,0,1,0
BRDA:8,1,0,0
BRDA:8,1,1,0
BRDA:12,2,0,0
BRDA:12,2,1,0
BRDA:28,3,0,0
BRDA:28,3,1,0
BRF:8
BRH:0
end_of_record
TN:
SF:/Users/jmather/code/json-schema-orm/src/orm/Loader.js
FN:9,(anonymous_0)
FN:16,(anonymous_1)
FN:28,(anonymous_2)
FN:30,(anonymous_3)
FN:38,(anonymous_4)
FNF:5
FNH:4
FNDA:1,(anonymous_0)
FNDA:1,(anonymous_1)
FNDA:1,(anonymous_2)
FNDA:7,(anonymous_3)
FNDA:0,(anonymous_4)
DA:1,1
DA:2,1
DA:4,1
DA:5,1
DA:6,1
DA:17,1
DA:18,1
DA:19,1
DA:21,1
DA:29,1
DA:30,1
DA:31,7
DA:32,7
DA:33,7
DA:34,7
DA:47,1
LF:16
LH:16
BRF:0
BRH:0
end_of_record
TN:
SF:/Users/jmather/code/json-schema-orm/src/orm/ModelHandler.js
FN:4,(anonymous_0)
FN:12,(anonymous_1)
FN:17,(anonymous_2)
FN:27,(anonymous_3)
FN:33,(anonymous_4)
FN:59,(anonymous_5)
FN:76,(anonymous_6)
FN:92,(anonymous_7)
FN:109,(anonymous_8)
FNF:9
FNH:7
FNDA:9,(anonymous_0)
FNDA:9,(anonymous_1)
FNDA:9,(anonymous_2)
FNDA:34,(anonymous_3)
FNDA:1,(anonymous_4)
FNDA:3,(anonymous_5)
FNDA:0,(anonymous_6)
FNDA:1,(anonymous_7)
FNDA:0,(anonymous_8)
DA:1,1
DA:5,9
DA:6,9
DA:7,9
DA:9,9
DA:13,9
DA:14,0
DA:17,9
DA:18,9
DA:28,34
DA:29,3
DA:32,31
DA:33,1
DA:36,30
DA:37,4
DA:39,4
DA:40,3
DA:43,1
DA:44,0
DA:47,1
DA:48,0
DA:51,1
DA:52,1
DA:56,26
DA:60,3
DA:62,3
DA:63,0
DA:65,3
DA:68,3
DA:70,3
DA:71,3
DA:73,3
DA:77,0
DA:79,0
DA:80,0
DA:82,0
DA:84,0
DA:86,0
DA:87,0
DA:89,0
DA:93,1
DA:95,1
DA:96,0
DA:98,1
DA:100,1
DA:102,1
DA:104,1
DA:106,1
DA:110,0
DA:112,0
DA:114,0
DA:115,0
DA:117,0
DA:121,1
LF:54
LH:36
BRDA:13,0,0,0
BRDA:13,0,1,9
BRDA:28,1,0,3
BRDA:28,1,1,31
BRDA:32,2,0,1
BRDA:32,2,1,30
BRDA:36,3,0,4
BRDA:36,3,1,26
BRDA:39,4,0,3
BRDA:39,4,1,1
BRDA:43,5,0,0
BRDA:43,5,1,1
BRDA:47,6,0,0
BRDA:47,6,1,1
BRDA:51,7,0,1
BRDA:51,7,1,0
BRDA:62,8,0,0
BRDA:62,8,1,3
BRDA:70,9,0,0
BRDA:70,9,1,3
BRDA:79,10,0,0
BRDA:79,10,1,0
BRDA:86,11,0,0
BRDA:86,11,1,0
BRDA:95,12,0,0
BRDA:95,12,1,1
BRDA:102,13,0,1
BRDA:102,13,1,0
BRDA:110,14,0,0
BRDA:110,14,1,0
BRDA:114,15,0,0
BRDA:114,15,1,0
BRF:32
BRH:16
end_of_record
TN:
SF:/Users/jmather/code/json-schema-orm/src/orm/ORM.js
FN:9,(anonymous_0)
FN:16,(anonymous_1)
FN:17,(anonymous_2)
FN:23,(anonymous_3)
FN:24,(anonymous_4)
FN:27,(anonymous_5)
FN:35,(anonymous_6)
FNF:7
FNH:7
FNDA:1,(anonymous_0)
FNDA:1,(anonymous_1)
FNDA:9,(anonymous_2)
FNDA:1,(anonymous_3)
FNDA:9,(anonymous_4)
FNDA:15,(anonymous_5)
FNDA:4,(anonymous_6)
DA:1,1
DA:2,1
DA:10,1
DA:11,1
DA:13,1
DA:17,1
DA:18,9
DA:19,9
DA:24,9
DA:28,15
DA:29,1
DA:32,14
DA:36,4
DA:38,4
DA:42,1
LF:15
LH:15
BRDA:28,0,0,1
BRDA:28,0,1,14
BRF:2
BRH:2
end_of_record
TN:
SF:/Users/jmather/code/json-schema-orm/src/orm/Repository.js
FN:11,(anonymous_0)
FN:22,(anonymous_1)
FN:32,(anonymous_2)
FN:33,(anonymous_3)
FN:35,(anonymous_4)
FN:42,(anonymous_5)
FN:46,(anonymous_6)
FN:50,(anonymous_7)
FN:54,(anonymous_8)
FN:55,(anonymous_9)
FN:58,(anonymous_10)
FN:65,(anonymous_11)
FN:75,(anonymous_12)
FN:83,(anonymous_13)
FN:90,(anonymous_14)
FN:100,(anonymous_15)
FNF:16
FNH:16
FNDA:9,(anonymous_0)
FNDA:9,(anonymous_1)
FNDA:7,(anonymous_2)
FNDA:7,(anonymous_3)
FNDA:7,(anonymous_4)
FNDA:9,(anonymous_5)
FNDA:1,(anonymous_6)
FNDA:1,(anonymous_7)
FNDA:1,(anonymous_8)
FNDA:2,(anonymous_9)
FNDA:8,(anonymous_10)
FNDA:17,(anonymous_11)
FNDA:5,(anonymous_12)
FNDA:5,(anonymous_13)
FNDA:4,(anonymous_14)
FNDA:3,(anonymous_15)
DA:1,1
DA:2,1
DA:12,9
DA:13,9
DA:14,9
DA:15,9
DA:16,9
DA:17,9
DA:19,9
DA:23,9
DA:24,9
DA:29,9
DA:33,7
DA:34,7
DA:35,7
DA:36,7
DA:38,7
DA:43,9
DA:47,1
DA:51,1
DA:55,2
DA:59,8
DA:60,1
DA:63,7
DA:65,7
DA:66,17
DA:69,7
DA:70,7
DA:72,7
DA:76,5
DA:77,1
DA:80,4
DA:84,5
DA:85,5
DA:86,3
DA:89,2
DA:90,2
DA:91,4
DA:92,4
DA:93,4
DA:97,2
DA:101,3
DA:102,0
DA:105,3
DA:107,3
DA:111,1
LF:46
LH:45
BRDA:59,0,0,1
BRDA:59,0,1,7
BRDA:59,1,0,8
BRDA:59,1,1,1
BRDA:76,2,0,1
BRDA:76,2,1,4
BRDA:85,3,0,3
BRDA:85,3,1,2
BRDA:92,4,0,4
BRDA:92,4,1,0
BRDA:101,5,0,0
BRDA:101,5,1,3
BRDA:107,6,0,0
BRDA:107,6,1,3
BRF:14
BRH:11
end_of_record
TN:
SF:/Users/jmather/code/json-schema-orm/src/orm/Schema.js
FN:6,(anonymous_0)
FN:14,(anonymous_1)
FN:18,(anonymous_2)
FNF:3
FNH:3
FNDA:9,(anonymous_0)
FNDA:18,(anonymous_1)
FNDA:9,(anonymous_2)
DA:7,9
DA:15,18
DA:19,9
DA:23,1
LF:4
LH:4
BRDA:15,0,0,18
BRDA:15,0,1,10
BRF:2
BRH:2
end_of_record
TN:
SF:/Users/jmather/code/json-schema-orm/src/orm/SchemaCollection.js
FN:9,(anonymous_0)
FN:16,(anonymous_1)
FN:17,(anonymous_2)
FN:27,(anonymous_3)
FN:39,(anonymous_4)
FN:42,(anonymous_5)
FN:47,(anonymous_6)
FNF:7
FNH:7
FNDA:1,(anonymous_0)
FNDA:1,(anonymous_1)
FNDA:9,(anonymous_2)
FNDA:9,(anonymous_3)
FNDA:1,(anonymous_4)
FNDA:9,(anonymous_5)
FNDA:4,(anonymous_6)
DA:1,1
DA:2,1
DA:10,1
DA:11,1
DA:13,1
DA:17,1
DA:18,9
DA:28,9
DA:29,0
DA:32,9
DA:40,1
DA:42,9
DA:44,1
DA:48,4
DA:49,0
DA:52,4
DA:56,1
LF:17
LH:15
BRDA:28,0,0,0
BRDA:28,0,1,9
BRDA:48,1,0,0
BRDA:48,1,1,4
BRF:4
BRH:2
end_of_record
TN:
SF:/Users/jmather/code/json-schema-orm/src/orm/index.js
FNF:0
FNH:0
DA:1,1
LF:1
LH:1
BRF:0
BRH:0
end_of_record
